Started GET "/" for ::1 at 2019-12-30 17:01:54 -0800
Processing by Rails::WelcomeController#index as HTML
  Rendering /Users/steventat/.rbenv/versions/2.3.7/lib/ruby/gems/2.3.0/gems/railties-5.2.4.1/lib/rails/templates/rails/welcome/index.html.erb
  Rendered /Users/steventat/.rbenv/versions/2.3.7/lib/ruby/gems/2.3.0/gems/railties-5.2.4.1/lib/rails/templates/rails/welcome/index.html.erb (9.3ms)
Completed 200 OK in 50ms (Views: 33.7ms | ActiveRecord: 0.0ms)


Started GET "/" for ::1 at 2019-12-30 17:05:44 -0800
Processing by Rails::WelcomeController#index as HTML
  Rendering /Users/steventat/.rbenv/versions/2.3.7/lib/ruby/gems/2.3.0/gems/railties-5.2.4.1/lib/rails/templates/rails/welcome/index.html.erb
  Rendered /Users/steventat/.rbenv/versions/2.3.7/lib/ruby/gems/2.3.0/gems/railties-5.2.4.1/lib/rails/templates/rails/welcome/index.html.erb (5.0ms)
Completed 200 OK in 33ms (Views: 15.2ms | ActiveRecord: 0.0ms)


Started GET "/" for ::1 at 2019-12-30 17:05:46 -0800
Processing by Rails::WelcomeController#index as HTML
  Rendering /Users/steventat/.rbenv/versions/2.3.7/lib/ruby/gems/2.3.0/gems/railties-5.2.4.1/lib/rails/templates/rails/welcome/index.html.erb
  Rendered /Users/steventat/.rbenv/versions/2.3.7/lib/ruby/gems/2.3.0/gems/railties-5.2.4.1/lib/rails/templates/rails/welcome/index.html.erb (2.9ms)
Completed 200 OK in 13ms (Views: 7.3ms | ActiveRecord: 0.0ms)


Started GET "/" for ::1 at 2019-12-30 17:13:15 -0800
Processing by WelcomeController#index as HTML
  Rendering welcome/index.html.erb within layouts/application
  Rendered welcome/index.html.erb within layouts/application (0.9ms)
Completed 200 OK in 1128ms (Views: 1123.5ms | ActiveRecord: 0.0ms)


Started GET "/" for ::1 at 2019-12-30 17:13:34 -0800
Processing by WelcomeController#index as HTML
  Rendering welcome/index.html.erb within layouts/application
  Rendered welcome/index.html.erb within layouts/application (0.5ms)
Completed 200 OK in 44ms (Views: 39.1ms | ActiveRecord: 0.0ms)


Started GET "/articles/new" for ::1 at 2019-12-30 17:28:49 -0800
Processing by ArticlesController#new as HTML
  Rendering articles/new.html.erb within layouts/application
  Rendered articles/new.html.erb within layouts/application (2.4ms)
Completed 200 OK in 484ms (Views: 470.7ms | ActiveRecord: 0.0ms)


Started GET "/articles/new" for ::1 at 2019-12-30 21:26:35 -0800
Processing by ArticlesController#new as HTML
  Rendering articles/new.html.erb within layouts/application
  Rendered articles/new.html.erb within layouts/application (88.7ms)
Completed 200 OK in 513ms (Views: 499.1ms | ActiveRecord: 0.0ms)


Started GET "/articles/new" for ::1 at 2019-12-30 21:27:36 -0800
Processing by ArticlesController#new as HTML
  Rendering articles/new.html.erb within layouts/application
  Rendered articles/new.html.erb within layouts/application (2.7ms)
Completed 200 OK in 51ms (Views: 47.8ms | ActiveRecord: 0.0ms)


Started GET "/articles/new" for ::1 at 2019-12-30 21:27:46 -0800
Processing by ArticlesController#new as HTML
  Rendering articles/new.html.erb within layouts/application
  Rendered articles/new.html.erb within layouts/application (1.5ms)
Completed 200 OK in 44ms (Views: 40.4ms | ActiveRecord: 0.0ms)


Started GET "/articles/new" for ::1 at 2019-12-30 21:27:47 -0800
Processing by ArticlesController#new as HTML
  Rendering articles/new.html.erb within layouts/application
  Rendered articles/new.html.erb within layouts/application (2.6ms)
Completed 200 OK in 47ms (Views: 43.7ms | ActiveRecord: 0.0ms)


Started GET "/articles/new" for ::1 at 2019-12-30 21:27:47 -0800
Processing by ArticlesController#new as HTML
  Rendering articles/new.html.erb within layouts/application
  Rendered articles/new.html.erb within layouts/application (1.5ms)
Completed 200 OK in 46ms (Views: 43.6ms | ActiveRecord: 0.0ms)


Started GET "/articles/new" for ::1 at 2019-12-30 21:27:48 -0800
Processing by ArticlesController#new as HTML
  Rendering articles/new.html.erb within layouts/application
  Rendered articles/new.html.erb within layouts/application (1.5ms)
Completed 200 OK in 44ms (Views: 40.6ms | ActiveRecord: 0.0ms)


Started GET "/articles/new" for ::1 at 2019-12-30 21:28:00 -0800
Processing by ArticlesController#new as HTML
  Rendering articles/new.html.erb within layouts/application
  Rendered articles/new.html.erb within layouts/application (1.5ms)
Completed 200 OK in 77ms (Views: 73.8ms | ActiveRecord: 0.0ms)


Started GET "/articles/new" for ::1 at 2019-12-30 21:28:01 -0800
Processing by ArticlesController#new as HTML
  Rendering articles/new.html.erb within layouts/application
  Rendered articles/new.html.erb within layouts/application (2.0ms)
Completed 200 OK in 53ms (Views: 50.0ms | ActiveRecord: 0.0ms)


Started GET "/articles/new" for ::1 at 2019-12-30 21:29:59 -0800
Processing by ArticlesController#new as HTML
  Rendering articles/new.html.erb within layouts/application
  Rendered articles/new.html.erb within layouts/application (2.1ms)
Completed 200 OK in 45ms (Views: 41.7ms | ActiveRecord: 0.0ms)


Started GET "/articles/new" for ::1 at 2019-12-30 21:36:10 -0800
Processing by ArticlesController#new as HTML
  Rendering articles/new.html.erb within layouts/application
  Rendered articles/new.html.erb within layouts/application (57.0ms)
Completed 200 OK in 522ms (Views: 508.5ms | ActiveRecord: 0.0ms)


Started GET "/articles/new" for ::1 at 2019-12-30 21:36:14 -0800
Processing by ArticlesController#new as HTML
  Rendering articles/new.html.erb within layouts/application
  Rendered articles/new.html.erb within layouts/application (1.6ms)
Completed 200 OK in 49ms (Views: 46.4ms | ActiveRecord: 0.0ms)


Started GET "/" for ::1 at 2019-12-30 21:36:16 -0800
Processing by WelcomeController#index as HTML
  Rendering welcome/index.html.erb within layouts/application
  Rendered welcome/index.html.erb within layouts/application (0.4ms)
Completed 200 OK in 49ms (Views: 42.8ms | ActiveRecord: 0.0ms)


